<?xml version="1.0" encoding="UTF-8"?>
<!-- Generated by org.testng.reporters.JUnitReportReporter -->
<testsuite hostname="DESKTOP-904JPAD" failures="0" tests="1" name="tests.PPsideMenu" time="34.843" errors="0" timestamp="2021-07-28T13:49:42 IST" skipped="0">
  <testcase classname="tests.PPsideMenu" name="logintest" time="34.843"/>
  <system-out/>
</testsuite> <!-- tests.PPsideMenu -->
