<?xml version="1.0" encoding="UTF-8"?>
<!-- Generated by org.testng.reporters.JUnitReportReporter -->
<testsuite hostname="DESKTOP-904JPAD" failures="0" tests="1" name="tests.myProfile" time="12.046" errors="0" timestamp="2021-08-05T10:12:57 IST" skipped="0">
  <testcase classname="tests.myProfile" name="logintest" time="12.046"/>
  <system-out/>
</testsuite> <!-- tests.myProfile -->
