<?xml version="1.0" encoding="UTF-8"?>
<!-- Generated by org.testng.reporters.JUnitReportReporter -->
<testsuite hostname="DESKTOP-904JPAD" failures="0" tests="1" name="tests.myImmunity" time="15.784" errors="0" timestamp="2021-08-09T17:17:33 IST" skipped="0">
  <testcase classname="tests.myImmunity" name="logintest" time="15.784"/>
  <system-out/>
</testsuite> <!-- tests.myImmunity -->
