<?xml version="1.0" encoding="UTF-8"?>
<!-- Generated by org.testng.reporters.JUnitReportReporter -->
<testsuite hostname="DESKTOP-904JPAD" failures="0" tests="1" name="tests.ppLoginTest" time="4.473" errors="0" timestamp="2021-07-28T20:56:59 IST" skipped="0">
  <testcase classname="tests.ppLoginTest" name="logintest" time="4.473"/>
  <system-out/>
</testsuite> <!-- tests.ppLoginTest -->
