<?xml version="1.0" encoding="UTF-8"?>
<!-- Generated by org.testng.reporters.JUnitReportReporter -->
<testsuite hostname="DESKTOP-904JPAD" failures="0" tests="1" name="tests.contactUsTest" time="13.805" errors="0" timestamp="2021-08-09T19:23:04 IST" skipped="0">
  <testcase classname="tests.contactUsTest" name="logintest" time="13.805"/>
  <system-out/>
</testsuite> <!-- tests.contactUsTest -->
