<?xml version="1.0" encoding="UTF-8"?>
<!-- Generated by org.testng.reporters.JUnitReportReporter -->
<testsuite hostname="DESKTOP-904JPAD" failures="0" tests="1" name="tests.changePassword" time="11.746" errors="0" timestamp="2021-07-26T23:49:25 IST" skipped="0">
  <testcase classname="tests.changePassword" name="logintest" time="11.746"/>
  <system-out/>
</testsuite> <!-- tests.changePassword -->
