<?xml version="1.0" encoding="UTF-8"?>
<!-- Generated by org.testng.reporters.JUnitReportReporter -->
<testsuite hostname="DESKTOP-904JPAD" failures="0" tests="1" name="tests.contactUsTest" time="14.584" errors="0" timestamp="2021-08-06T00:54:36 IST" skipped="0">
  <testcase classname="tests.contactUsTest" name="logintest" time="14.584"/>
  <system-out/>
</testsuite> <!-- tests.contactUsTest -->
