<?xml version="1.0" encoding="UTF-8"?>
<!-- Generated by org.testng.reporters.JUnitReportReporter -->
<testsuite hostname="DESKTOP-18SLMS7" failures="0" tests="2" name="TestScripts.Test_Login_Changepwd" time="54.438" errors="0" timestamp="2021-07-31T15:31:27 IST" skipped="0">
  <testcase classname="TestScripts.Test_Login_Changepwd" name="login_Change_pwd" time="54.420"/>
  <system-out/>
  <testcase classname="TestScripts.Test_Login_Changepwd" name="config" time="0.018"/>
  <system-out/>
</testsuite> <!-- TestScripts.Test_Login_Changepwd -->
