<?xml version="1.0" encoding="UTF-8"?>
<!-- Generated by org.testng.reporters.JUnitReportReporter -->
<testsuite hostname="DESKTOP-18SLMS7" failures="0" tests="1" name="locatorsPP.PP_All_Functions" time="110.731" errors="0" timestamp="2021-07-22T17:52:30 IST" skipped="0">
  <testcase classname="locatorsPP.PP_All_Functions" name="login" time="110.731"/>
  <system-out/>
</testsuite> <!-- locatorsPP.PP_All_Functions -->
