<?xml version="1.0" encoding="UTF-8"?>
<!-- Generated by org.testng.reporters.JUnitReportReporter -->
<testsuite hostname="DESKTOP-18SLMS7" failures="0" tests="1" name="locatorsPP.Locators_PatientPortal" time="14.528" errors="0" timestamp="2021-07-24T21:25:25 IST" skipped="0">
  <testcase classname="locatorsPP.Locators_PatientPortal" name="loginPP" time="14.528"/>
  <system-out/>
</testsuite> <!-- locatorsPP.Locators_PatientPortal -->
