<?xml version="1.0" encoding="UTF-8"?>
<!-- Generated by org.testng.reporters.JUnitReportReporter -->
<testsuite hostname="DESKTOP-18SLMS7" failures="0" tests="1" name="TestScripts.PP_CML" time="68.172" errors="0" timestamp="2021-07-15T23:13:58 IST" skipped="0">
  <testcase classname="TestScripts.PP_CML" name="login" time="68.172"/>
  <system-out/>
</testsuite> <!-- TestScripts.PP_CML -->
